2022-01-02 14:48:42.669  INFO 38558 --- [main] c.h.a.c.CustomScannersServiceApplication : Starting CustomScannersServiceApplication on Jarvis with PID 38558 (/home/tim/.vscode/extensions/hcltechnologies.hclappscancodesweep-1.2.0/lib/custom-scanners-service-1.0.12.jar started by tim in /home/tim/Documents/Minecraft/mods/my mods/minecraft-talking-villagers)
2022-01-02 14:48:42.678  INFO 38558 --- [main] c.h.a.c.CustomScannersServiceApplication : No active profile set, falling back to default profiles: default
2022-01-02 14:48:48.485  INFO 38558 --- [main] o.s.b.w.embedded.tomcat.TomcatWebServer  : Tomcat initialized with port(s): 9221 (http)
2022-01-02 14:48:48.554  INFO 38558 --- [main] o.apache.catalina.core.StandardService   : Starting service [Tomcat]
2022-01-02 14:48:48.556  INFO 38558 --- [main] org.apache.catalina.core.StandardEngine  : Starting Servlet engine: [Apache Tomcat/9.0.29]
2022-01-02 14:48:48.849  INFO 38558 --- [main] o.a.c.c.C.[Tomcat].[localhost].[/]       : Initializing Spring embedded WebApplicationContext
2022-01-02 14:48:48.850 DEBUG 38558 --- [main] o.s.web.context.ContextLoader            : Published root WebApplicationContext as ServletContext attribute with name [org.springframework.web.context.WebApplicationContext.ROOT]
2022-01-02 14:48:48.850  INFO 38558 --- [main] o.s.web.context.ContextLoader            : Root WebApplicationContext: initialization completed in 6013 ms
2022-01-02 14:48:49.539 DEBUG 38558 --- [main] o.s.b.w.s.ServletContextInitializerBeans : Mapping filters: filterRegistrationBean urls=[/*] order=-2147483647, characterEncodingFilter urls=[/*] order=-2147483648, formContentFilter urls=[/*] order=-9900, requestContextFilter urls=[/*] order=-105
2022-01-02 14:48:49.539 DEBUG 38558 --- [main] o.s.b.w.s.ServletContextInitializerBeans : Mapping servlets: dispatcherServlet urls=[/]
2022-01-02 14:48:52.268 DEBUG 38558 --- [main] s.w.s.m.m.a.RequestMappingHandlerMapping : 22 mappings in 'requestMappingHandlerMapping'
2022-01-02 14:48:52.353  INFO 38558 --- [main] o.s.b.a.e.web.EndpointLinksResolver      : Exposing 2 endpoint(s) beneath base path '/actuator'
2022-01-02 14:48:52.641  INFO 38558 --- [main] pertySourcedRequestMappingHandlerMapping : Mapped URL path [/v2/api-docs] onto method [springfox.documentation.swagger2.web.Swagger2Controller#getDocumentation(String, HttpServletRequest)]
2022-01-02 14:48:52.944  INFO 38558 --- [main] o.s.s.concurrent.ThreadPoolTaskExecutor  : Initializing ExecutorService 'applicationTaskExecutor'
2022-01-02 14:48:53.002 DEBUG 38558 --- [main] s.w.s.m.m.a.RequestMappingHandlerAdapter : ControllerAdvice beans: 0 @ModelAttribute, 0 @InitBinder, 1 RequestBodyAdvice, 1 ResponseBodyAdvice
2022-01-02 14:48:53.243  INFO 38558 --- [Thread-0] c.h.a.s.s.services.ArticleResource       : Completed reading English articles
2022-01-02 14:48:53.361 DEBUG 38558 --- [main] o.s.w.s.handler.SimpleUrlHandlerMapping  : Patterns [/webjars/**, /**] in 'resourceHandlerMapping'
2022-01-02 14:48:53.374 DEBUG 38558 --- [main] .m.m.a.ExceptionHandlerExceptionResolver : ControllerAdvice beans: 1 @ExceptionHandler, 1 ResponseBodyAdvice
2022-01-02 14:48:53.633  INFO 38558 --- [main] d.s.w.p.DocumentationPluginsBootstrapper : Context refreshed
2022-01-02 14:48:53.670  INFO 38558 --- [main] d.s.w.p.DocumentationPluginsBootstrapper : Found 1 custom documentation plugin(s)
2022-01-02 14:48:53.771  INFO 38558 --- [main] s.d.s.w.s.ApiListingReferenceScanner     : Scanning for api listing references
2022-01-02 14:48:54.518  INFO 38558 --- [main] o.s.b.w.embedded.tomcat.TomcatWebServer  : Tomcat started on port(s): 9221 (http) with context path ''
2022-01-02 14:48:54.527  INFO 38558 --- [main] c.h.a.c.CustomScannersServiceApplication : Started CustomScannersServiceApplication in 13.744 seconds (JVM running for 15.216)
2022-01-02 14:48:55.881  INFO 38558 --- [http-nio-9221-exec-1] o.a.c.c.C.[Tomcat].[localhost].[/]       : Initializing Spring DispatcherServlet 'dispatcherServlet'
2022-01-02 14:48:55.881  INFO 38558 --- [http-nio-9221-exec-1] o.s.web.servlet.DispatcherServlet        : Initializing Servlet 'dispatcherServlet'
2022-01-02 14:48:55.882 DEBUG 38558 --- [http-nio-9221-exec-1] o.s.web.servlet.DispatcherServlet        : Detected StandardServletMultipartResolver
2022-01-02 14:48:55.889 DEBUG 38558 --- [http-nio-9221-exec-1] o.s.web.servlet.DispatcherServlet        : Detected CookieLocaleResolver
2022-01-02 14:48:55.889 DEBUG 38558 --- [http-nio-9221-exec-1] o.s.web.servlet.DispatcherServlet        : Detected CookieThemeResolver
2022-01-02 14:48:55.898 DEBUG 38558 --- [http-nio-9221-exec-1] o.s.web.servlet.DispatcherServlet        : enableLoggingRequestDetails='false': request parameters and headers will be masked to prevent unsafe logging of potentially sensitive data
2022-01-02 14:48:55.898  INFO 38558 --- [http-nio-9221-exec-1] o.s.web.servlet.DispatcherServlet        : Completed initialization in 16 ms
2022-01-02 14:48:55.946 DEBUG 38558 --- [http-nio-9221-exec-1] o.s.web.servlet.DispatcherServlet        : GET "/v1/scanRules", parameters={}
2022-01-02 14:48:55.961 DEBUG 38558 --- [http-nio-9221-exec-1] s.w.s.m.m.a.RequestMappingHandlerMapping : Mapped to com.hcl.appscan.customscannersservice.controller.CustomScannersController#getScanRules(String[])
2022-01-02 14:48:56.019 DEBUG 38558 --- [http-nio-9221-exec-1] o.s.w.s.m.m.a.HttpEntityMethodProcessor  : Using 'application/json', given [application/json] and supported [application/json]
2022-01-02 14:48:56.034 DEBUG 38558 --- [http-nio-9221-exec-1] o.s.w.s.m.m.a.HttpEntityMethodProcessor  : Writing [{Golang={com.ouncelabs.languagelite.golang.rules.WeakCryptoGolang=CustomScannersServiceScanRule{rule (truncated)...]
2022-01-02 14:48:56.190 DEBUG 38558 --- [http-nio-9221-exec-1] o.s.web.servlet.DispatcherServlet        : Completed 200 OK
2022-01-02 15:00:46.817 DEBUG 38558 --- [http-nio-9221-exec-2] o.s.web.servlet.DispatcherServlet        : POST "/v1/scanFile", parameters={masked}
2022-01-02 15:00:46.820 DEBUG 38558 --- [http-nio-9221-exec-2] s.w.s.m.m.a.RequestMappingHandlerMapping : Mapped to com.hcl.appscan.customscannersservice.controller.CustomScannersController#runScanFile(MultipartFile, String, int[])
2022-01-02 15:00:46.827 DEBUG 38558 --- [http-nio-9221-exec-2] .m.m.a.ExceptionHandlerExceptionResolver : Using @ExceptionHandler com.hcl.appscan.customscannersservice.controller.CustomScannersControllerAdvice#handleInvalidArgument(IllegalArgumentException)
2022-01-02 15:00:46.832 DEBUG 38558 --- [http-nio-9221-exec-2] o.s.w.s.m.m.a.HttpEntityMethodProcessor  : Using 'application/json', given [application/json] and supported [application/json, application/*+json, application/json, application/*+json]
2022-01-02 15:00:46.833 DEBUG 38558 --- [http-nio-9221-exec-2] o.s.w.s.m.m.a.HttpEntityMethodProcessor  : Writing [com.hcl.appscan.customscannersservice.controller.CustomScannersControllerAdvice$ErrorMessage@65b3215 (truncated)...]
2022-01-02 15:00:46.834 DEBUG 38558 --- [http-nio-9221-exec-2] .m.m.a.ExceptionHandlerExceptionResolver : Resolved [java.lang.IllegalArgumentException: The following file type is not supported: properties]
2022-01-02 15:00:46.835 DEBUG 38558 --- [http-nio-9221-exec-2] o.s.web.servlet.DispatcherServlet        : Completed 422 UNPROCESSABLE_ENTITY
2022-01-02 15:04:07.360 DEBUG 38558 --- [http-nio-9221-exec-3] o.s.web.servlet.DispatcherServlet        : POST "/v1/scanFile", parameters={masked}
2022-01-02 15:04:07.361 DEBUG 38558 --- [http-nio-9221-exec-3] s.w.s.m.m.a.RequestMappingHandlerMapping : Mapped to com.hcl.appscan.customscannersservice.controller.CustomScannersController#runScanFile(MultipartFile, String, int[])
2022-01-02 15:04:07.363 DEBUG 38558 --- [http-nio-9221-exec-3] .m.m.a.ExceptionHandlerExceptionResolver : Using @ExceptionHandler com.hcl.appscan.customscannersservice.controller.CustomScannersControllerAdvice#handleInvalidArgument(IllegalArgumentException)
2022-01-02 15:04:07.364 DEBUG 38558 --- [http-nio-9221-exec-3] o.s.w.s.m.m.a.HttpEntityMethodProcessor  : Using 'application/json', given [application/json] and supported [application/json, application/*+json, application/json, application/*+json]
2022-01-02 15:04:07.364 DEBUG 38558 --- [http-nio-9221-exec-3] o.s.w.s.m.m.a.HttpEntityMethodProcessor  : Writing [com.hcl.appscan.customscannersservice.controller.CustomScannersControllerAdvice$ErrorMessage@238dbfe (truncated)...]
2022-01-02 15:04:07.365 DEBUG 38558 --- [http-nio-9221-exec-3] .m.m.a.ExceptionHandlerExceptionResolver : Resolved [java.lang.IllegalArgumentException: The following file type is not supported: gradle]
2022-01-02 15:04:07.365 DEBUG 38558 --- [http-nio-9221-exec-3] o.s.web.servlet.DispatcherServlet        : Completed 422 UNPROCESSABLE_ENTITY
2022-01-02 15:05:07.564 DEBUG 38558 --- [http-nio-9221-exec-6] o.s.web.servlet.DispatcherServlet        : POST "/v1/scanFile", parameters={masked}
2022-01-02 15:05:07.565 DEBUG 38558 --- [http-nio-9221-exec-6] s.w.s.m.m.a.RequestMappingHandlerMapping : Mapped to com.hcl.appscan.customscannersservice.controller.CustomScannersController#runScanFile(MultipartFile, String, int[])
2022-01-02 15:05:07.567 DEBUG 38558 --- [http-nio-9221-exec-6] .m.m.a.ExceptionHandlerExceptionResolver : Using @ExceptionHandler com.hcl.appscan.customscannersservice.controller.CustomScannersControllerAdvice#handleInvalidArgument(IllegalArgumentException)
2022-01-02 15:05:07.568 DEBUG 38558 --- [http-nio-9221-exec-6] o.s.w.s.m.m.a.HttpEntityMethodProcessor  : Using 'application/json', given [application/json] and supported [application/json, application/*+json, application/json, application/*+json]
2022-01-02 15:05:07.568 DEBUG 38558 --- [http-nio-9221-exec-6] o.s.w.s.m.m.a.HttpEntityMethodProcessor  : Writing [com.hcl.appscan.customscannersservice.controller.CustomScannersControllerAdvice$ErrorMessage@5d73fce (truncated)...]
2022-01-02 15:05:07.569 DEBUG 38558 --- [http-nio-9221-exec-6] .m.m.a.ExceptionHandlerExceptionResolver : Resolved [java.lang.IllegalArgumentException: The following file type is not supported: ]
2022-01-02 15:05:07.569 DEBUG 38558 --- [http-nio-9221-exec-6] o.s.web.servlet.DispatcherServlet        : Completed 422 UNPROCESSABLE_ENTITY
2022-01-02 15:05:32.887 DEBUG 38558 --- [http-nio-9221-exec-7] o.s.web.servlet.DispatcherServlet        : POST "/v1/scanFile", parameters={masked}
2022-01-02 15:05:32.888 DEBUG 38558 --- [http-nio-9221-exec-7] s.w.s.m.m.a.RequestMappingHandlerMapping : Mapped to com.hcl.appscan.customscannersservice.controller.CustomScannersController#runScanFile(MultipartFile, String, int[])
2022-01-02 15:05:32.903 DEBUG 38558 --- [http-nio-9221-exec-7] o.s.w.s.m.m.a.HttpEntityMethodProcessor  : Using 'application/json', given [application/json] and supported [application/json]
2022-01-02 15:05:32.905 DEBUG 38558 --- [http-nio-9221-exec-7] o.s.w.s.m.m.a.HttpEntityMethodProcessor  : Writing [CustomScannerServiceResult{findings=[]}]
2022-01-02 15:05:32.907 DEBUG 38558 --- [http-nio-9221-exec-7] o.s.web.servlet.DispatcherServlet        : Completed 200 OK
2022-01-02 15:13:47.802  INFO 48677 --- [main] c.h.a.c.CustomScannersServiceApplication : Starting CustomScannersServiceApplication on Jarvis with PID 48677 (/home/tim/.vscode/extensions/hcltechnologies.hclappscancodesweep-1.2.0/lib/custom-scanners-service-1.0.12.jar started by tim in /home/tim/Documents/Minecraft/mods/my mods/minecraft-talking-villagers)
2022-01-02 15:13:47.807  INFO 48677 --- [main] c.h.a.c.CustomScannersServiceApplication : No active profile set, falling back to default profiles: default
2022-01-02 15:13:51.455  INFO 48677 --- [main] o.s.b.w.embedded.tomcat.TomcatWebServer  : Tomcat initialized with port(s): 9221 (http)
2022-01-02 15:13:51.478  INFO 48677 --- [main] o.apache.catalina.core.StandardService   : Starting service [Tomcat]
2022-01-02 15:13:51.480  INFO 48677 --- [main] org.apache.catalina.core.StandardEngine  : Starting Servlet engine: [Apache Tomcat/9.0.29]
2022-01-02 15:13:51.579  INFO 48677 --- [main] o.a.c.c.C.[Tomcat].[localhost].[/]       : Initializing Spring embedded WebApplicationContext
2022-01-02 15:13:51.579 DEBUG 48677 --- [main] o.s.web.context.ContextLoader            : Published root WebApplicationContext as ServletContext attribute with name [org.springframework.web.context.WebApplicationContext.ROOT]
2022-01-02 15:13:51.580  INFO 48677 --- [main] o.s.web.context.ContextLoader            : Root WebApplicationContext: initialization completed in 3686 ms
2022-01-02 15:13:52.022 DEBUG 48677 --- [main] o.s.b.w.s.ServletContextInitializerBeans : Mapping filters: filterRegistrationBean urls=[/*] order=-2147483647, characterEncodingFilter urls=[/*] order=-2147483648, formContentFilter urls=[/*] order=-9900, requestContextFilter urls=[/*] order=-105
2022-01-02 15:13:52.022 DEBUG 48677 --- [main] o.s.b.w.s.ServletContextInitializerBeans : Mapping servlets: dispatcherServlet urls=[/]
2022-01-02 15:13:53.662 DEBUG 48677 --- [main] s.w.s.m.m.a.RequestMappingHandlerMapping : 22 mappings in 'requestMappingHandlerMapping'
2022-01-02 15:13:53.760  INFO 48677 --- [main] o.s.b.a.e.web.EndpointLinksResolver      : Exposing 2 endpoint(s) beneath base path '/actuator'
2022-01-02 15:13:53.911  INFO 48677 --- [main] pertySourcedRequestMappingHandlerMapping : Mapped URL path [/v2/api-docs] onto method [springfox.documentation.swagger2.web.Swagger2Controller#getDocumentation(String, HttpServletRequest)]
2022-01-02 15:13:54.122  INFO 48677 --- [main] o.s.s.concurrent.ThreadPoolTaskExecutor  : Initializing ExecutorService 'applicationTaskExecutor'
2022-01-02 15:13:54.180 DEBUG 48677 --- [main] s.w.s.m.m.a.RequestMappingHandlerAdapter : ControllerAdvice beans: 0 @ModelAttribute, 0 @InitBinder, 1 RequestBodyAdvice, 1 ResponseBodyAdvice
2022-01-02 15:13:54.387 DEBUG 48677 --- [main] o.s.w.s.handler.SimpleUrlHandlerMapping  : Patterns [/webjars/**, /**] in 'resourceHandlerMapping'
2022-01-02 15:13:54.404 DEBUG 48677 --- [main] .m.m.a.ExceptionHandlerExceptionResolver : ControllerAdvice beans: 1 @ExceptionHandler, 1 ResponseBodyAdvice
2022-01-02 15:13:54.466  INFO 48677 --- [Thread-0] c.h.a.s.s.services.ArticleResource       : Completed reading English articles
2022-01-02 15:13:54.589  INFO 48677 --- [main] d.s.w.p.DocumentationPluginsBootstrapper : Context refreshed
2022-01-02 15:13:54.629  INFO 48677 --- [main] d.s.w.p.DocumentationPluginsBootstrapper : Found 1 custom documentation plugin(s)
2022-01-02 15:13:54.697  INFO 48677 --- [main] s.d.s.w.s.ApiListingReferenceScanner     : Scanning for api listing references
2022-01-02 15:13:55.305  INFO 48677 --- [main] o.s.b.w.embedded.tomcat.TomcatWebServer  : Tomcat started on port(s): 9221 (http) with context path ''
2022-01-02 15:13:55.309  INFO 48677 --- [main] c.h.a.c.CustomScannersServiceApplication : Started CustomScannersServiceApplication in 8.235 seconds (JVM running for 8.961)
2022-01-02 15:13:55.508  INFO 48677 --- [http-nio-9221-exec-2] o.a.c.c.C.[Tomcat].[localhost].[/]       : Initializing Spring DispatcherServlet 'dispatcherServlet'
2022-01-02 15:13:55.510  INFO 48677 --- [http-nio-9221-exec-2] o.s.web.servlet.DispatcherServlet        : Initializing Servlet 'dispatcherServlet'
2022-01-02 15:13:55.511 DEBUG 48677 --- [http-nio-9221-exec-2] o.s.web.servlet.DispatcherServlet        : Detected StandardServletMultipartResolver
2022-01-02 15:13:55.513 DEBUG 48677 --- [http-nio-9221-exec-2] o.s.web.servlet.DispatcherServlet        : Detected CookieLocaleResolver
2022-01-02 15:13:55.513 DEBUG 48677 --- [http-nio-9221-exec-2] o.s.web.servlet.DispatcherServlet        : Detected CookieThemeResolver
2022-01-02 15:13:55.523 DEBUG 48677 --- [http-nio-9221-exec-2] o.s.web.servlet.DispatcherServlet        : enableLoggingRequestDetails='false': request parameters and headers will be masked to prevent unsafe logging of potentially sensitive data
2022-01-02 15:13:55.524  INFO 48677 --- [http-nio-9221-exec-2] o.s.web.servlet.DispatcherServlet        : Completed initialization in 14 ms
2022-01-02 15:13:55.559 DEBUG 48677 --- [http-nio-9221-exec-2] o.s.web.servlet.DispatcherServlet        : GET "/v1/scanRules", parameters={}
2022-01-02 15:13:55.605 DEBUG 48677 --- [http-nio-9221-exec-2] s.w.s.m.m.a.RequestMappingHandlerMapping : Mapped to com.hcl.appscan.customscannersservice.controller.CustomScannersController#getScanRules(String[])
2022-01-02 15:13:55.709 DEBUG 48677 --- [http-nio-9221-exec-2] o.s.w.s.m.m.a.HttpEntityMethodProcessor  : Using 'application/json', given [application/json] and supported [application/json]
2022-01-02 15:13:55.723 DEBUG 48677 --- [http-nio-9221-exec-2] o.s.w.s.m.m.a.HttpEntityMethodProcessor  : Writing [{Golang={com.ouncelabs.languagelite.golang.rules.WeakCryptoGolang=CustomScannersServiceScanRule{rule (truncated)...]
2022-01-02 15:13:56.001 DEBUG 48677 --- [http-nio-9221-exec-2] o.s.web.servlet.DispatcherServlet        : Completed 200 OK
